<?xml version="1.0" encoding="UTF-8" ?>
<testsuite tests="76" failures="31" name="duds.ip.V4Test" time="0.055" errors="0" skipped="0">
  <properties>
[...]
</properties>
  <testcase classname="duds.ip.V4Test" name="duds.ip.V4Test.testIsPublicIp_String10_1" time="0.002"/>
  <testcase classname="duds.ip.V4Test" name="duds.ip.V4Test.testIsValidIpv4_len5" time="0"/>
  <testcase classname="duds.ip.V4Test" name="duds.ip.V4Test.testIsValidIpv4_len1" time="0.007">
    <failure message="expected: &lt;true&gt; but was: &lt;false&gt;" type="org.opentest4j.AssertionFailedError">org.opentest4j.AssertionFailedError: expected: &lt;true&gt; but was: &lt;false&gt;
	at org.junit.jupiter.api.AssertionUtils.fail(AssertionUtils.java:38)
	at org.junit.jupiter.api.AssertTrue.assertTrue(AssertTrue.java:40)
	at org.junit.jupiter.api.AssertTrue.assertTrue(AssertTrue.java:35)
	at org.junit.jupiter.api.Assertions.assertTrue(Assertions.java:137)
	at duds.ip.V4Test.testIsValidIpv4_len1(V4Test.java:87)
</failure>
    <system-out>isValidIpv4
</system-out>
  </testcase>
  <testcase classname="duds.ip.V4Test" name="duds.ip.V4Test.testIsValidIpv4_len2" time="0.001">
    <failure message="expected: &lt;true&gt; but was: &lt;false&gt;" type="org.opentest4j.AssertionFailedError">org.opentest4j.AssertionFailedError: expected: &lt;true&gt; but was: &lt;false&gt;
	at org.junit.jupiter.api.AssertionUtils.fail(AssertionUtils.java:38)
	at org.junit.jupiter.api.AssertTrue.assertTrue(AssertTrue.java:40)
	at org.junit.jupiter.api.AssertTrue.assertTrue(AssertTrue.java:35)
	at org.junit.jupiter.api.Assertions.assertTrue(Assertions.java:137)
	at duds.ip.V4Test.testIsValidIpv4_len2(V4Test.java:100)
</failure>
    <system-out>isValidIpv4
</system-out>
  </testcase>
  <testcase classname="duds.ip.V4Test" name="duds.ip.V4Test.testIsValidIpv4_CIDR" time="0.001">
    <failure message="expected: &lt;true&gt; but was: &lt;false&gt;" type="org.opentest4j.AssertionFailedError">org.opentest4j.AssertionFailedError: expected: &lt;true&gt; but was: &lt;false&gt;
	at org.junit.jupiter.api.AssertionUtils.fail(AssertionUtils.java:38)
	at org.junit.jupiter.api.AssertTrue.assertTrue(AssertTrue.java:40)
	at org.junit.jupiter.api.AssertTrue.assertTrue(AssertTrue.java:35)
	at org.junit.jupiter.api.Assertions.assertTrue(Assertions.java:137)
	at duds.ip.V4Test.testIsValidIpv4_CIDR(V4Test.java:138)
</failure>
    <system-out>isValidIpv4
</system-out>
  </testcase>
  <testcase classname="duds.ip.V4Test" name="duds.ip.V4Test.testIsValidIpv4_dot" time="0.001">
    <failure message="expected: &lt;true&gt; but was: &lt;false&gt;" type="org.opentest4j.AssertionFailedError">org.opentest4j.AssertionFailedError: expected: &lt;true&gt; but was: &lt;false&gt;
	at org.junit.jupiter.api.AssertionUtils.fail(AssertionUtils.java:38)
	at org.junit.jupiter.api.AssertTrue.assertTrue(AssertTrue.java:40)
	at org.junit.jupiter.api.AssertTrue.assertTrue(AssertTrue.java:35)
	at org.junit.jupiter.api.Assertions.assertTrue(Assertions.java:137)
	at duds.ip.V4Test.testIsValidIpv4_dot(V4Test.java:38)
</failure>
    <system-out>isValidIpv4
</system-out>
  </testcase>
  <testcase classname="duds.ip.V4Test" name="duds.ip.V4Test.testIsValidIpv4_len0" time="0"/>
  <testcase classname="duds.ip.V4Test" name="duds.ip.V4Test.testIsValidIpv4_invalid" time="0.001">
    <failure message="expected: &lt;true&gt; but was: &lt;false&gt;" type="org.opentest4j.AssertionFailedError">org.opentest4j.AssertionFailedError: expected: &lt;true&gt; but was: &lt;false&gt;
	at org.junit.jupiter.api.AssertionUtils.fail(AssertionUtils.java:38)
	at org.junit.jupiter.api.AssertTrue.assertTrue(AssertTrue.java:40)
	at org.junit.jupiter.api.AssertTrue.assertTrue(AssertTrue.java:35)
	at org.junit.jupiter.api.Assertions.assertTrue(Assertions.java:137)
	at duds.ip.V4Test.testIsValidIpv4_invalid(V4Test.java:126)
</failure>
    <system-out>isValidIpv4
</system-out>
  </testcase>
  <testcase classname="duds.ip.V4Test" name="duds.ip.V4Test.testIsValidIpv4_trailing1" time="0.001">
    <failure message="expected: &lt;true&gt; but was: &lt;false&gt;" type="org.opentest4j.AssertionFailedError">org.opentest4j.AssertionFailedError: expected: &lt;true&gt; but was: &lt;false&gt;
	at org.junit.jupiter.api.AssertionUtils.fail(AssertionUtils.java:38)
	at org.junit.jupiter.api.AssertTrue.assertTrue(AssertTrue.java:40)
	at org.junit.jupiter.api.AssertTrue.assertTrue(AssertTrue.java:35)
	at org.junit.jupiter.api.Assertions.assertTrue(Assertions.java:137)
	at duds.ip.V4Test.testIsValidIpv4_trailing1(V4Test.java:148)
</failure>
    <system-out>isValidIpv4
</system-out>
  </testcase>
  <testcase classname="duds.ip.V4Test" name="duds.ip.V4Test.testIsValidIpv4_trailing4" time="0.001">
    <failure message="expected: &lt;true&gt; but was: &lt;false&gt;" type="org.opentest4j.AssertionFailedError">org.opentest4j.AssertionFailedError: expected: &lt;true&gt; but was: &lt;false&gt;
	at org.junit.jupiter.api.AssertionUtils.fail(AssertionUtils.java:38)
	at org.junit.jupiter.api.AssertTrue.assertTrue(AssertTrue.java:40)
	at org.junit.jupiter.api.AssertTrue.assertTrue(AssertTrue.java:35)
	at org.junit.jupiter.api.Assertions.assertTrue(Assertions.java:137)
	at duds.ip.V4Test.testIsValidIpv4_trailing4(V4Test.java:180)
</failure>
    <system-out>isValidIpv4
</system-out>
  </testcase>
  <testcase classname="duds.ip.V4Test" name="duds.ip.V4Test.testIsPublicIp_Inet4Address" time="0.001">
    <failure type="java.lang.NullPointerException">java.lang.NullPointerException
	at duds.ip.V4.isPublicIp(V4.java:100)
	at duds.ip.V4Test.testIsPublicIp_Inet4Address(V4Test.java:240)
</failure>
    <system-out>isPublicIp
</system-out>
  </testcase>
  <testcase classname="duds.ip.V4Test" name="duds.ip.V4Test.testIsValidIpv4_trailing2" time="0.003">
    <failure message="expected: &lt;true&gt; but was: &lt;false&gt;" type="org.opentest4j.AssertionFailedError">org.opentest4j.AssertionFailedError: expected: &lt;true&gt; but was: &lt;false&gt;
	at org.junit.jupiter.api.AssertionUtils.fail(AssertionUtils.java:38)
	at org.junit.jupiter.api.AssertTrue.assertTrue(AssertTrue.java:40)
	at org.junit.jupiter.api.AssertTrue.assertTrue(AssertTrue.java:35)
	at org.junit.jupiter.api.Assertions.assertTrue(Assertions.java:137)
	at duds.ip.V4Test.testIsValidIpv4_trailing2(V4Test.java:159)
</failure>
    <system-out>isValidIpv4
</system-out>
  </testcase>
  <testcase classname="duds.ip.V4Test" name="duds.ip.V4Test.testIsPublicIp_String0_1" time="0">
    <failure message="expected: &lt;false&gt; but was: &lt;true&gt;" type="org.opentest4j.AssertionFailedError">org.opentest4j.AssertionFailedError: expected: &lt;false&gt; but was: &lt;true&gt;
	at org.junit.jupiter.api.AssertionUtils.fail(AssertionUtils.java:38)
	at org.junit.jupiter.api.AssertFalse.assertFalse(AssertFalse.java:40)
	at org.junit.jupiter.api.AssertFalse.assertFalse(AssertFalse.java:35)
	at org.junit.jupiter.api.Assertions.assertFalse(Assertions.java:185)
	at duds.ip.V4Test.testIsPublicIp_String0_1(V4Test.java:297)
</failure>
    <system-out>isPublicIp
</system-out>
  </testcase>
  <testcase classname="duds.ip.V4Test" name="duds.ip.V4Test.testIsPublicIp_String0_2" time="0"/>
  <testcase classname="duds.ip.V4Test" name="duds.ip.V4Test.testIsValidIpv4_colon" time="0.002">
    <failure message="expected: &lt;true&gt; but was: &lt;false&gt;" type="org.opentest4j.AssertionFailedError">org.opentest4j.AssertionFailedError: expected: &lt;true&gt; but was: &lt;false&gt;
	at org.junit.jupiter.api.AssertionUtils.fail(AssertionUtils.java:38)
	at org.junit.jupiter.api.AssertTrue.assertTrue(AssertTrue.java:40)
	at org.junit.jupiter.api.AssertTrue.assertTrue(AssertTrue.java:35)
	at org.junit.jupiter.api.Assertions.assertTrue(Assertions.java:137)
	at duds.ip.V4Test.testIsValidIpv4_colon(V4Test.java:51)
</failure>
    <system-out>isValidIpv4
</system-out>
  </testcase>
  <testcase classname="duds.ip.V4Test" name="duds.ip.V4Test.testIsValidIpv4_len3" time="0.001">
    <failure message="expected: &lt;true&gt; but was: &lt;false&gt;" type="org.opentest4j.AssertionFailedError">org.opentest4j.AssertionFailedError: expected: &lt;true&gt; but was: &lt;false&gt;
	at org.junit.jupiter.api.AssertionUtils.fail(AssertionUtils.java:38)
	at org.junit.jupiter.api.AssertTrue.assertTrue(AssertTrue.java:40)
	at org.junit.jupiter.api.AssertTrue.assertTrue(AssertTrue.java:35)
	at org.junit.jupiter.api.Assertions.assertTrue(Assertions.java:137)
	at duds.ip.V4Test.testIsValidIpv4_len3(V4Test.java:113)
</failure>
    <system-out>isValidIpv4
</system-out>
  </testcase>
  <testcase classname="duds.ip.V4Test" name="duds.ip.V4Test.testIsPublicIp_String10_2" time="0"/>
  <testcase classname="duds.ip.V4Test" name="duds.ip.V4Test.testIsValidIpv4_trailing3" time="0.001">
    <failure message="expected: &lt;true&gt; but was: &lt;false&gt;" type="org.opentest4j.AssertionFailedError">org.opentest4j.AssertionFailedError: expected: &lt;true&gt; but was: &lt;false&gt;
	at org.junit.jupiter.api.AssertionUtils.fail(AssertionUtils.java:38)
	at org.junit.jupiter.api.AssertTrue.assertTrue(AssertTrue.java:40)
	at org.junit.jupiter.api.AssertTrue.assertTrue(AssertTrue.java:35)
	at org.junit.jupiter.api.Assertions.assertTrue(Assertions.java:137)
	at duds.ip.V4Test.testIsValidIpv4_trailing3(V4Test.java:169)
</failure>
    <system-out>isValidIpv4
</system-out>
  </testcase>
  <testcase classname="duds.ip.V4Test" name="duds.ip.V4Test.testIsPublicIp_String100_1" time="0"/>
  <testcase classname="duds.ip.V4Test" name="duds.ip.V4Test.testIsPublicIp_String198_51_3" time="0.001">
    <failure message="expected: &lt;false&gt; but was: &lt;true&gt;" type="org.opentest4j.AssertionFailedError">org.opentest4j.AssertionFailedError: expected: &lt;false&gt; but was: &lt;true&gt;
	at org.junit.jupiter.api.AssertionUtils.fail(AssertionUtils.java:38)
	at org.junit.jupiter.api.AssertFalse.assertFalse(AssertFalse.java:40)
	at org.junit.jupiter.api.AssertFalse.assertFalse(AssertFalse.java:35)
	at org.junit.jupiter.api.Assertions.assertFalse(Assertions.java:185)
	at duds.ip.V4Test.testIsPublicIp_String198_51_3(V4Test.java:871)
</failure>
    <system-out>isPublicIp
</system-out>
  </testcase>
  <testcase classname="duds.ip.V4Test" name="duds.ip.V4Test.testIsPublicIp_String203_2" time="0.005">
    <failure message="expected: &lt;false&gt; but was: &lt;true&gt;" type="org.opentest4j.AssertionFailedError">org.opentest4j.AssertionFailedError: expected: &lt;false&gt; but was: &lt;true&gt;
	at org.junit.jupiter.api.AssertionUtils.fail(AssertionUtils.java:38)
	at org.junit.jupiter.api.AssertFalse.assertFalse(AssertFalse.java:40)
	at org.junit.jupiter.api.AssertFalse.assertFalse(AssertFalse.java:35)
	at org.junit.jupiter.api.Assertions.assertFalse(Assertions.java:185)
	at duds.ip.V4Test.testIsPublicIp_String203_2(V4Test.java:910)
</failure>
    <system-out>isPublicIp
</system-out>
  </testcase>
  <testcase classname="duds.ip.V4Test" name="duds.ip.V4Test.testIsPublicIp_String100_3" time="0.001">
    <failure message="expected: &lt;false&gt; but was: &lt;true&gt;" type="org.opentest4j.AssertionFailedError">org.opentest4j.AssertionFailedError: expected: &lt;false&gt; but was: &lt;true&gt;
	at org.junit.jupiter.api.AssertionUtils.fail(AssertionUtils.java:38)
	at org.junit.jupiter.api.AssertFalse.assertFalse(AssertFalse.java:40)
	at org.junit.jupiter.api.AssertFalse.assertFalse(AssertFalse.java:35)
	at org.junit.jupiter.api.Assertions.assertFalse(Assertions.java:185)
	at duds.ip.V4Test.testIsPublicIp_String100_3(V4Test.java:401)
</failure>
    <system-out>isPublicIp
</system-out>
  </testcase>
  <testcase classname="duds.ip.V4Test" name="duds.ip.V4Test.testIsPublicIp_String100_4" time="0"/>
  <testcase classname="duds.ip.V4Test" name="duds.ip.V4Test.testIsPublicIp_String169_3" time="0.001"/>
  <testcase classname="duds.ip.V4Test" name="duds.ip.V4Test.testIsPublicIp_String192_0_0_3" time="0.003">
    <failure message="expected: &lt;false&gt; but was: &lt;true&gt;" type="org.opentest4j.AssertionFailedError">org.opentest4j.AssertionFailedError: expected: &lt;false&gt; but was: &lt;true&gt;
	at org.junit.jupiter.api.AssertionUtils.fail(AssertionUtils.java:38)
	at org.junit.jupiter.api.AssertFalse.assertFalse(AssertFalse.java:40)
	at org.junit.jupiter.api.AssertFalse.assertFalse(AssertFalse.java:35)
	at org.junit.jupiter.api.Assertions.assertFalse(Assertions.java:185)
	at duds.ip.V4Test.testIsPublicIp_String192_0_0_3(V4Test.java:609)
</failure>
    <system-out>isPublicIp
</system-out>
  </testcase>
  <testcase classname="duds.ip.V4Test" name="duds.ip.V4Test.testIsPublicIp_String127_4" time="0"/>
  <testcase classname="duds.ip.V4Test" name="duds.ip.V4Test.testIsPublicIp_String192_0_2_2" time="0.001">
    <failure message="expected: &lt;false&gt; but was: &lt;true&gt;" type="org.opentest4j.AssertionFailedError">org.opentest4j.AssertionFailedError: expected: &lt;false&gt; but was: &lt;true&gt;
	at org.junit.jupiter.api.AssertionUtils.fail(AssertionUtils.java:38)
	at org.junit.jupiter.api.AssertFalse.assertFalse(AssertFalse.java:40)
	at org.junit.jupiter.api.AssertFalse.assertFalse(AssertFalse.java:35)
	at org.junit.jupiter.api.Assertions.assertFalse(Assertions.java:185)
	at duds.ip.V4Test.testIsPublicIp_String192_0_2_2(V4Test.java:648)
</failure>
    <system-out>isPublicIp
</system-out>
  </testcase>
  <testcase classname="duds.ip.V4Test" name="duds.ip.V4Test.testIsPublicIp_String192_88_3" time="0.001">
    <failure message="expected: &lt;false&gt; but was: &lt;true&gt;" type="org.opentest4j.AssertionFailedError">org.opentest4j.AssertionFailedError: expected: &lt;false&gt; but was: &lt;true&gt;
	at org.junit.jupiter.api.AssertionUtils.fail(AssertionUtils.java:38)
	at org.junit.jupiter.api.AssertFalse.assertFalse(AssertFalse.java:40)
	at org.junit.jupiter.api.AssertFalse.assertFalse(AssertFalse.java:35)
	at org.junit.jupiter.api.Assertions.assertFalse(Assertions.java:185)
	at duds.ip.V4Test.testIsPublicIp_String192_88_3(V4Test.java:713)
</failure>
    <system-out>isPublicIp
</system-out>
  </testcase>
  <testcase classname="duds.ip.V4Test" name="duds.ip.V4Test.testIsPublicIp_String172_2" time="0"/>
  <testcase classname="duds.ip.V4Test" name="duds.ip.V4Test.testIsPublicIp_String10_3" time="0"/>
  <testcase classname="duds.ip.V4Test" name="duds.ip.V4Test.testIsPublicIp_String198_18_4" time="0"/>
  <testcase classname="duds.ip.V4Test" name="duds.ip.V4Test.testIsPublicIp_String224_2" time="0"/>
  <testcase classname="duds.ip.V4Test" name="duds.ip.V4Test.testIsPublicIp_String172_4" time="0"/>
  <testcase classname="duds.ip.V4Test" name="duds.ip.V4Test.testIsPublicIp_String127_3" time="0.001"/>
  <testcase classname="duds.ip.V4Test" name="duds.ip.V4Test.testIsPublicIp_String192_0_2_4" time="0"/>
  <testcase classname="duds.ip.V4Test" name="duds.ip.V4Test.testIsPublicIp_String127_2" time="0.001"/>
  <testcase classname="duds.ip.V4Test" name="duds.ip.V4Test.testIsPublicIp_String172_1" time="0"/>
  <testcase classname="duds.ip.V4Test" name="duds.ip.V4Test.testIsPublicIp_String169_4" time="0"/>
  <testcase classname="duds.ip.V4Test" name="duds.ip.V4Test.testIsPublicIp_String198_18_2" time="0">
    <failure message="expected: &lt;false&gt; but was: &lt;true&gt;" type="org.opentest4j.AssertionFailedError">org.opentest4j.AssertionFailedError: expected: &lt;false&gt; but was: &lt;true&gt;
	at org.junit.jupiter.api.AssertionUtils.fail(AssertionUtils.java:38)
	at org.junit.jupiter.api.AssertFalse.assertFalse(AssertFalse.java:40)
	at org.junit.jupiter.api.AssertFalse.assertFalse(AssertFalse.java:35)
	at org.junit.jupiter.api.Assertions.assertFalse(Assertions.java:185)
	at duds.ip.V4Test.testIsPublicIp_String198_18_2(V4Test.java:805)
</failure>
    <system-out>isPublicIp
</system-out>
  </testcase>
  <testcase classname="duds.ip.V4Test" name="duds.ip.V4Test.testIsPublicIp_String169_1" time="0"/>
  <testcase classname="duds.ip.V4Test" name="duds.ip.V4Test.testIsPublicIp_String192_0_0_2" time="0">
    <failure message="expected: &lt;false&gt; but was: &lt;true&gt;" type="org.opentest4j.AssertionFailedError">org.opentest4j.AssertionFailedError: expected: &lt;false&gt; but was: &lt;true&gt;
	at org.junit.jupiter.api.AssertionUtils.fail(AssertionUtils.java:38)
	at org.junit.jupiter.api.AssertFalse.assertFalse(AssertFalse.java:40)
	at org.junit.jupiter.api.AssertFalse.assertFalse(AssertFalse.java:35)
	at org.junit.jupiter.api.Assertions.assertFalse(Assertions.java:185)
	at duds.ip.V4Test.testIsPublicIp_String192_0_0_2(V4Test.java:596)
</failure>
    <system-out>isPublicIp
</system-out>
  </testcase>
  <testcase classname="duds.ip.V4Test" name="duds.ip.V4Test.testIsPublicIp_String192_168_3" time="0"/>
  <testcase classname="duds.ip.V4Test" name="duds.ip.V4Test.testIsPublicIp_String198_51_1" time="0"/>
  <testcase classname="duds.ip.V4Test" name="duds.ip.V4Test.testIsPublicIp_String169_2" time="0"/>
  <testcase classname="duds.ip.V4Test" name="duds.ip.V4Test.testIsPublicIp_String198_51_2" time="0">
    <failure message="expected: &lt;false&gt; but was: &lt;true&gt;" type="org.opentest4j.AssertionFailedError">org.opentest4j.AssertionFailedError: expected: &lt;false&gt; but was: &lt;true&gt;
	at org.junit.jupiter.api.AssertionUtils.fail(AssertionUtils.java:38)
	at org.junit.jupiter.api.AssertFalse.assertFalse(AssertFalse.java:40)
	at org.junit.jupiter.api.AssertFalse.assertFalse(AssertFalse.java:35)
	at org.junit.jupiter.api.Assertions.assertFalse(Assertions.java:185)
	at duds.ip.V4Test.testIsPublicIp_String198_51_2(V4Test.java:858)
</failure>
    <system-out>isPublicIp
</system-out>
  </testcase>
  <testcase classname="duds.ip.V4Test" name="duds.ip.V4Test.testIsPublicIp_String10_4" time="0"/>
  <testcase classname="duds.ip.V4Test" name="duds.ip.V4Test.testIsPublicIp_String100_2" time="0">
    <failure message="expected: &lt;false&gt; but was: &lt;true&gt;" type="org.opentest4j.AssertionFailedError">org.opentest4j.AssertionFailedError: expected: &lt;false&gt; but was: &lt;true&gt;
	at org.junit.jupiter.api.AssertionUtils.fail(AssertionUtils.java:38)
	at org.junit.jupiter.api.AssertFalse.assertFalse(AssertFalse.java:40)
	at org.junit.jupiter.api.AssertFalse.assertFalse(AssertFalse.java:35)
	at org.junit.jupiter.api.Assertions.assertFalse(Assertions.java:185)
	at duds.ip.V4Test.testIsPublicIp_String100_2(V4Test.java:388)
</failure>
    <system-out>isPublicIp
</system-out>
  </testcase>
  <testcase classname="duds.ip.V4Test" name="duds.ip.V4Test.testIsPublicIp_String192_88_4" time="0"/>
  <testcase classname="duds.ip.V4Test" name="duds.ip.V4Test.testIsPublicIp_String198_51_4" time="0"/>
  <testcase classname="duds.ip.V4Test" name="duds.ip.V4Test.testIsPublicIp_String203_3" time="0.001">
    <failure message="expected: &lt;false&gt; but was: &lt;true&gt;" type="org.opentest4j.AssertionFailedError">org.opentest4j.AssertionFailedError: expected: &lt;false&gt; but was: &lt;true&gt;
	at org.junit.jupiter.api.AssertionUtils.fail(AssertionUtils.java:38)
	at org.junit.jupiter.api.AssertFalse.assertFalse(AssertFalse.java:40)
	at org.junit.jupiter.api.AssertFalse.assertFalse(AssertFalse.java:35)
	at org.junit.jupiter.api.Assertions.assertFalse(Assertions.java:185)
	at duds.ip.V4Test.testIsPublicIp_String203_3(V4Test.java:923)
</failure>
    <system-out>isPublicIp
</system-out>
  </testcase>
  <testcase classname="duds.ip.V4Test" name="duds.ip.V4Test.testIsPublicIp_String203_4" time="0"/>
  <testcase classname="duds.ip.V4Test" name="duds.ip.V4Test.testIsPublicIp_String192_0_2_3" time="0">
    <failure message="expected: &lt;false&gt; but was: &lt;true&gt;" type="org.opentest4j.AssertionFailedError">org.opentest4j.AssertionFailedError: expected: &lt;false&gt; but was: &lt;true&gt;
	at org.junit.jupiter.api.AssertionUtils.fail(AssertionUtils.java:38)
	at org.junit.jupiter.api.AssertFalse.assertFalse(AssertFalse.java:40)
	at org.junit.jupiter.api.AssertFalse.assertFalse(AssertFalse.java:35)
	at org.junit.jupiter.api.Assertions.assertFalse(Assertions.java:185)
	at duds.ip.V4Test.testIsPublicIp_String192_0_2_3(V4Test.java:661)
</failure>
    <system-out>isPublicIp
</system-out>
  </testcase>
  <testcase classname="duds.ip.V4Test" name="duds.ip.V4Test.testIsPublicIp_String224_4" time="0">
    <failure message="expected: &lt;false&gt; but was: &lt;true&gt;" type="org.opentest4j.AssertionFailedError">org.opentest4j.AssertionFailedError: expected: &lt;false&gt; but was: &lt;true&gt;
	at org.junit.jupiter.api.AssertionUtils.fail(AssertionUtils.java:38)
	at org.junit.jupiter.api.AssertFalse.assertFalse(AssertFalse.java:40)
	at org.junit.jupiter.api.AssertFalse.assertFalse(AssertFalse.java:35)
	at org.junit.jupiter.api.Assertions.assertFalse(Assertions.java:185)
	at duds.ip.V4Test.testIsPublicIp_String224_4(V4Test.java:996)
</failure>
    <system-out>isPublicIp
</system-out>
  </testcase>
  <testcase classname="duds.ip.V4Test" name="duds.ip.V4Test.testIsPublicIp_String172_3" time="0"/>
  <testcase classname="duds.ip.V4Test" name="duds.ip.V4Test.testIsPublicIp_String192_0_2_1" time="0"/>
  <testcase classname="duds.ip.V4Test" name="duds.ip.V4Test.testIsPublicIp_String224_1" time="0"/>
  <testcase classname="duds.ip.V4Test" name="duds.ip.V4Test.testIsPublicIp_String198_18_3" time="0.001">
    <failure message="expected: &lt;false&gt; but was: &lt;true&gt;" type="org.opentest4j.AssertionFailedError">org.opentest4j.AssertionFailedError: expected: &lt;false&gt; but was: &lt;true&gt;
	at org.junit.jupiter.api.AssertionUtils.fail(AssertionUtils.java:38)
	at org.junit.jupiter.api.AssertFalse.assertFalse(AssertFalse.java:40)
	at org.junit.jupiter.api.AssertFalse.assertFalse(AssertFalse.java:35)
	at org.junit.jupiter.api.Assertions.assertFalse(Assertions.java:185)
	at duds.ip.V4Test.testIsPublicIp_String198_18_3(V4Test.java:818)
</failure>
    <system-out>isPublicIp
</system-out>
  </testcase>
  <testcase classname="duds.ip.V4Test" name="duds.ip.V4Test.testIsPublicIp_String224_3" time="0"/>
  <testcase classname="duds.ip.V4Test" name="duds.ip.V4Test.testIsPublicIp_String192_168_2" time="0"/>
  <testcase classname="duds.ip.V4Test" name="duds.ip.V4Test.testIsPublicIp_String255_1" time="0">
    <failure message="expected: &lt;false&gt; but was: &lt;true&gt;" type="org.opentest4j.AssertionFailedError">org.opentest4j.AssertionFailedError: expected: &lt;false&gt; but was: &lt;true&gt;
	at org.junit.jupiter.api.AssertionUtils.fail(AssertionUtils.java:38)
	at org.junit.jupiter.api.AssertFalse.assertFalse(AssertFalse.java:40)
	at org.junit.jupiter.api.AssertFalse.assertFalse(AssertFalse.java:35)
	at org.junit.jupiter.api.Assertions.assertFalse(Assertions.java:185)
	at duds.ip.V4Test.testIsPublicIp_String255_1(V4Test.java:1027)
</failure>
    <system-out>isPublicIp
</system-out>
  </testcase>
  <testcase classname="duds.ip.V4Test" name="duds.ip.V4Test.testInetAddressToString" time="0.01">
    <failure message="expected: &lt;&gt; but was: &lt;null&gt;" type="org.opentest4j.AssertionFailedError">org.opentest4j.AssertionFailedError: expected: &lt;&gt; but was: &lt;null&gt;
	at org.junit.jupiter.api.AssertionUtils.fail(AssertionUtils.java:54)
	at org.junit.jupiter.api.AssertEquals.failNotEqual(AssertEquals.java:195)
	at org.junit.jupiter.api.AssertEquals.assertEquals(AssertEquals.java:184)
	at org.junit.jupiter.api.AssertEquals.assertEquals(AssertEquals.java:179)
	at org.junit.jupiter.api.Assertions.assertEquals(Assertions.java:508)
	at duds.ip.V4Test.testInetAddressToString(V4Test.java:1054)
</failure>
    <system-out>inetAddressToString
</system-out>
  </testcase>
  <testcase classname="duds.ip.V4Test" name="duds.ip.V4Test.testIsPublicIp_String192_88_1" time="0"/>
  <testcase classname="duds.ip.V4Test" name="duds.ip.V4Test.testIsPublicIp_String192_88_2" time="0">
    <failure message="expected: &lt;false&gt; but was: &lt;true&gt;" type="org.opentest4j.AssertionFailedError">org.opentest4j.AssertionFailedError: expected: &lt;false&gt; but was: &lt;true&gt;
	at org.junit.jupiter.api.AssertionUtils.fail(AssertionUtils.java:38)
	at org.junit.jupiter.api.AssertFalse.assertFalse(AssertFalse.java:40)
	at org.junit.jupiter.api.AssertFalse.assertFalse(AssertFalse.java:35)
	at org.junit.jupiter.api.Assertions.assertFalse(Assertions.java:185)
	at duds.ip.V4Test.testIsPublicIp_String192_88_2(V4Test.java:700)
</failure>
    <system-out>isPublicIp
</system-out>
  </testcase>
  <testcase classname="duds.ip.V4Test" name="duds.ip.V4Test.testIsPublicIp_String192_168_4" time="0"/>
  <testcase classname="duds.ip.V4Test" name="duds.ip.V4Test.testIsPublicIp_String192_0_0_1" time="0"/>
  <testcase classname="duds.ip.V4Test" name="duds.ip.V4Test.testIsPublicIp_String192_0_0_4" time="0.001"/>
  <testcase classname="duds.ip.V4Test" name="duds.ip.V4Test.testIsPublicIp_String192_168_1" time="0"/>
  <testcase classname="duds.ip.V4Test" name="duds.ip.V4Test.testIsPublicIp_String203_1" time="0"/>
  <testcase classname="duds.ip.V4Test" name="duds.ip.V4Test.testIsPublicIp_String198_18_1" time="0"/>
  <testcase classname="duds.ip.V4Test" name="duds.ip.V4Test.testIsPublicIp_String127_1" time="0.001"/>
  <testcase classname="duds.ip.V4Test" name="duds.ip.V4Test.testIsPublicIp_String240_1" time="0">
    <failure message="expected: &lt;false&gt; but was: &lt;true&gt;" type="org.opentest4j.AssertionFailedError">org.opentest4j.AssertionFailedError: expected: &lt;false&gt; but was: &lt;true&gt;
	at org.junit.jupiter.api.AssertionUtils.fail(AssertionUtils.java:38)
	at org.junit.jupiter.api.AssertFalse.assertFalse(AssertFalse.java:40)
	at org.junit.jupiter.api.AssertFalse.assertFalse(AssertFalse.java:35)
	at org.junit.jupiter.api.Assertions.assertFalse(Assertions.java:185)
	at duds.ip.V4Test.testIsPublicIp_String240_1(V4Test.java:1013)
</failure>
    <system-out>isPublicIp
</system-out>
  </testcase>
  <testcase classname="duds.ip.V4Test" name="duds.ip.V4Test.testIpSplit" time="0"/>
  <testcase classname="duds.ip.V4Test" name="duds.ip.V4Test.testIpSplitCIDR" time="0.003"/>
  <testcase classname="duds.ip.V4Test" name="duds.ip.V4Test.testIsCIDR_CIDR" time="0"/>
  <testcase classname="duds.ip.V4Test" name="duds.ip.V4Test.testIsCIDR_dotDec" time="0"/>
  <testcase classname="duds.ip.V4Test" name="duds.ip.V4Test.testStringToIpv4" time="0"/>
</testsuite>